<html>
<head>
<title>TestNG:  Test</title>
<link href="../testng.css" rel="stylesheet" type="text/css" />
<link href="../my-testng.css" rel="stylesheet" type="text/css" />

<style type="text/css">
.log { display: none;} 
.stack-trace { display: none;} 
</style>
<script type="text/javascript">
<!--
function flip(e) {
  current = e.style.display;
  if (current == 'block') {
    e.style.display = 'none';
    return 0;
  }
  else {
    e.style.display = 'block';
    return 1;
  }
}

function toggleBox(szDivId, elem, msg1, msg2)
{
  var res = -1;  if (document.getElementById) {
    res = flip(document.getElementById(szDivId));
  }
  else if (document.all) {
    // this is the way old msie versions work
    res = flip(document.all[szDivId]);
  }
  if(elem) {
    if(res == 0) elem.innerHTML = msg1; else elem.innerHTML = msg2;
  }

}

function toggleAllBoxes() {
  if (document.getElementsByTagName) {
    d = document.getElementsByTagName('div');
    for (i = 0; i < d.length; i++) {
      if (d[i].className == 'log') {
        flip(d[i]);
      }
    }
  }
}

// -->
</script>

</head>
<body>
<h2 align='center'>Test</h2><table border='1' align="center">
<tr>
<td>Tests passed/Failed/Skipped:</td><td>0/3/0</td>
</tr><tr>
<td>Started on:</td><td>Mon Feb 27 19:23:49 CST 2017</td>
</tr>
<tr><td>Total time:</td><td>64 seconds (64447 ms)</td>
</tr><tr>
<td>Included groups:</td><td></td>
</tr><tr>
<td>Excluded groups:</td><td></td>
</tr>
</table><p/>
<small><i>(Hover the method name to see the test class name)</i></small><p/>
<table width='100%' border='1' class='invocation-failed'>
<tr><td colspan='4' align='center'><b>FAILED TESTS</b></td></tr>
<tr><td><b>Test method</b></td>
<td><b>Instance</b></td>
<td width="10%"><b>Time (seconds)</b></td>
<td width="30%"><b>Exception</b></td>
</tr>
<tr>
<td title='chenjian.tests.AddNews.addOne()'><b>addOne</b><br>Test class:Test<br>Parameters: {content=chenjian233, title=chenjian2, imgSrc=E:\\win8常见问题\\qqq.jpg, browser=firefox}</td>
<td>chenjian.tests.AddNews@11f0fe3</td><td>22</td>
<td><div><pre>java.lang.NullPointerException: 元素获取异常,值为空!
	at systemPublic.utilities.YamlParser.getDynamicElement(YamlParser.java:99)
	at chenjian.tests.AddNews.addOne(AddNews.java:101)
	at org.apache.maven.surefire.testng.TestNGExecutor.run(TestNGExecutor.java:74)
	at org.apache.maven.surefire.testng.TestNGXmlTestSuite.execute(TestNGXmlTestSuite.java:93)
	at org.apache.maven.surefire.testng.TestNGProvider.invoke(TestNGProvider.java:101)
	at org.apache.maven.surefire.booter.ProviderFactory$ClassLoaderProxy.invoke(ProviderFactory.java:103)
	at $Proxy0.invoke(Unknown Source)
	at org.apache.maven.surefire.booter.SurefireStarter.invokeProvider(SurefireStarter.java:145)
	at org.apache.maven.surefire.booter.SurefireStarter.runSuitesInProcess(SurefireStarter.java:87)
	at org.apache.maven.surefire.booter.ForkedBooter.main(ForkedBooter.java:69)
... Removed 24 stack frames</pre></div><a href='#' onClick='toggleBox("stack-trace25041673", this, "Click to show all stack frames", "Click to hide stack frames")'>Click to show all stack frames</a>
<div class='stack-trace' id='stack-trace25041673'><pre>java.lang.NullPointerException: 元素获取异常,值为空!
	at systemPublic.utilities.YamlParser.getDynamicElement(YamlParser.java:99)
	at chenjian.tests.AddNews.addOne(AddNews.java:101)
	at sun.reflect.NativeMethodAccessorImpl.invoke0(Native Method)
	at sun.reflect.NativeMethodAccessorImpl.invoke(NativeMethodAccessorImpl.java:57)
	at sun.reflect.DelegatingMethodAccessorImpl.invoke(DelegatingMethodAccessorImpl.java:43)
	at java.lang.reflect.Method.invoke(Method.java:601)
	at org.testng.internal.MethodHelper.invokeMethod(MethodHelper.java:643)
	at org.testng.internal.Invoker.invokeMethod(Invoker.java:559)
	at org.testng.internal.Invoker.invokeTestMethod(Invoker.java:723)
	at org.testng.internal.Invoker.invokeTestMethods(Invoker.java:1027)
	at org.testng.internal.TestMethodWorker.invokeTestMethods(TestMethodWorker.java:137)
	at org.testng.internal.TestMethodWorker.run(TestMethodWorker.java:121)
	at org.testng.TestRunner.runWorkers(TestRunner.java:1030)
	at org.testng.TestRunner.privateRun(TestRunner.java:709)
	at org.testng.TestRunner.run(TestRunner.java:579)
	at org.testng.SuiteRunner.runTest(SuiteRunner.java:331)
	at org.testng.SuiteRunner.runSequentially(SuiteRunner.java:326)
	at org.testng.SuiteRunner.privateRun(SuiteRunner.java:288)
	at org.testng.SuiteRunner.run(SuiteRunner.java:193)
	at org.testng.TestNG.createAndRunSuiteRunners(TestNG.java:910)
	at org.testng.TestNG.runSuitesLocally(TestNG.java:879)
	at org.testng.TestNG.run(TestNG.java:787)
	at org.apache.maven.surefire.testng.TestNGExecutor.run(TestNGExecutor.java:74)
	at org.apache.maven.surefire.testng.TestNGXmlTestSuite.execute(TestNGXmlTestSuite.java:93)
	at org.apache.maven.surefire.testng.TestNGProvider.invoke(TestNGProvider.java:101)
	at sun.reflect.NativeMethodAccessorImpl.invoke0(Native Method)
	at sun.reflect.NativeMethodAccessorImpl.invoke(NativeMethodAccessorImpl.java:57)
	at sun.reflect.DelegatingMethodAccessorImpl.invoke(DelegatingMethodAccessorImpl.java:43)
	at java.lang.reflect.Method.invoke(Method.java:601)
	at org.apache.maven.surefire.booter.ProviderFactory$ClassLoaderProxy.invoke(ProviderFactory.java:103)
	at $Proxy0.invoke(Unknown Source)
	at org.apache.maven.surefire.booter.SurefireStarter.invokeProvider(SurefireStarter.java:145)
	at org.apache.maven.surefire.booter.SurefireStarter.runSuitesInProcess(SurefireStarter.java:87)
	at org.apache.maven.surefire.booter.ForkedBooter.main(ForkedBooter.java:69)
</pre></div></td>
</tr>
<tr>
<td title='chenjian.tests.AddNews.addOne2()'><b>addOne2</b><br>Test class:Test<br>Parameters: {content=chenjian444, title=chenjian3, imgSrc=E:\\win8常见问题\\qqq.jpg, browser=firefox}</td>
<td>chenjian.tests.AddNews@11f0fe3</td><td>19</td>
<td><div><pre>java.lang.NullPointerException: 元素获取异常,值为空!
	at systemPublic.utilities.YamlParser.getDynamicElement(YamlParser.java:99)
	at chenjian.tests.AddNews.addOne2(AddNews.java:199)
	at org.apache.maven.surefire.testng.TestNGExecutor.run(TestNGExecutor.java:74)
	at org.apache.maven.surefire.testng.TestNGXmlTestSuite.execute(TestNGXmlTestSuite.java:93)
	at org.apache.maven.surefire.testng.TestNGProvider.invoke(TestNGProvider.java:101)
	at org.apache.maven.surefire.booter.ProviderFactory$ClassLoaderProxy.invoke(ProviderFactory.java:103)
	at $Proxy0.invoke(Unknown Source)
	at org.apache.maven.surefire.booter.SurefireStarter.invokeProvider(SurefireStarter.java:145)
	at org.apache.maven.surefire.booter.SurefireStarter.runSuitesInProcess(SurefireStarter.java:87)
	at org.apache.maven.surefire.booter.ForkedBooter.main(ForkedBooter.java:69)
... Removed 24 stack frames</pre></div><a href='#' onClick='toggleBox("stack-trace23669555", this, "Click to show all stack frames", "Click to hide stack frames")'>Click to show all stack frames</a>
<div class='stack-trace' id='stack-trace23669555'><pre>java.lang.NullPointerException: 元素获取异常,值为空!
	at systemPublic.utilities.YamlParser.getDynamicElement(YamlParser.java:99)
	at chenjian.tests.AddNews.addOne2(AddNews.java:199)
	at sun.reflect.NativeMethodAccessorImpl.invoke0(Native Method)
	at sun.reflect.NativeMethodAccessorImpl.invoke(NativeMethodAccessorImpl.java:57)
	at sun.reflect.DelegatingMethodAccessorImpl.invoke(DelegatingMethodAccessorImpl.java:43)
	at java.lang.reflect.Method.invoke(Method.java:601)
	at org.testng.internal.MethodHelper.invokeMethod(MethodHelper.java:643)
	at org.testng.internal.Invoker.invokeMethod(Invoker.java:559)
	at org.testng.internal.Invoker.invokeTestMethod(Invoker.java:723)
	at org.testng.internal.Invoker.invokeTestMethods(Invoker.java:1027)
	at org.testng.internal.TestMethodWorker.invokeTestMethods(TestMethodWorker.java:137)
	at org.testng.internal.TestMethodWorker.run(TestMethodWorker.java:121)
	at org.testng.TestRunner.runWorkers(TestRunner.java:1030)
	at org.testng.TestRunner.privateRun(TestRunner.java:709)
	at org.testng.TestRunner.run(TestRunner.java:579)
	at org.testng.SuiteRunner.runTest(SuiteRunner.java:331)
	at org.testng.SuiteRunner.runSequentially(SuiteRunner.java:326)
	at org.testng.SuiteRunner.privateRun(SuiteRunner.java:288)
	at org.testng.SuiteRunner.run(SuiteRunner.java:193)
	at org.testng.TestNG.createAndRunSuiteRunners(TestNG.java:910)
	at org.testng.TestNG.runSuitesLocally(TestNG.java:879)
	at org.testng.TestNG.run(TestNG.java:787)
	at org.apache.maven.surefire.testng.TestNGExecutor.run(TestNGExecutor.java:74)
	at org.apache.maven.surefire.testng.TestNGXmlTestSuite.execute(TestNGXmlTestSuite.java:93)
	at org.apache.maven.surefire.testng.TestNGProvider.invoke(TestNGProvider.java:101)
	at sun.reflect.NativeMethodAccessorImpl.invoke0(Native Method)
	at sun.reflect.NativeMethodAccessorImpl.invoke(NativeMethodAccessorImpl.java:57)
	at sun.reflect.DelegatingMethodAccessorImpl.invoke(DelegatingMethodAccessorImpl.java:43)
	at java.lang.reflect.Method.invoke(Method.java:601)
	at org.apache.maven.surefire.booter.ProviderFactory$ClassLoaderProxy.invoke(ProviderFactory.java:103)
	at $Proxy0.invoke(Unknown Source)
	at org.apache.maven.surefire.booter.SurefireStarter.invokeProvider(SurefireStarter.java:145)
	at org.apache.maven.surefire.booter.SurefireStarter.runSuitesInProcess(SurefireStarter.java:87)
	at org.apache.maven.surefire.booter.ForkedBooter.main(ForkedBooter.java:69)
</pre></div></td>
</tr>
<tr>
<td title='chenjian.tests.AddNews2.addOne2()'><b>addOne2</b><br>Test class:Test<br>Parameters: {content=chenjian444, title=chenjian3, imgSrc=E:\\win8常见问题\\qqq.jpg, browser=firefox}</td>
<td>chenjian.tests.AddNews2@4c01ae</td><td>20</td>
<td><div><pre>java.lang.NullPointerException: 元素获取异常,值为空!
	at systemPublic.utilities.YamlParser.getDynamicElement(YamlParser.java:99)
	at chenjian.tests.AddNews2.addOne2(AddNews2.java:80)
	at org.apache.maven.surefire.testng.TestNGExecutor.run(TestNGExecutor.java:74)
	at org.apache.maven.surefire.testng.TestNGXmlTestSuite.execute(TestNGXmlTestSuite.java:93)
	at org.apache.maven.surefire.testng.TestNGProvider.invoke(TestNGProvider.java:101)
	at org.apache.maven.surefire.booter.ProviderFactory$ClassLoaderProxy.invoke(ProviderFactory.java:103)
	at $Proxy0.invoke(Unknown Source)
	at org.apache.maven.surefire.booter.SurefireStarter.invokeProvider(SurefireStarter.java:145)
	at org.apache.maven.surefire.booter.SurefireStarter.runSuitesInProcess(SurefireStarter.java:87)
	at org.apache.maven.surefire.booter.ForkedBooter.main(ForkedBooter.java:69)
... Removed 24 stack frames</pre></div><a href='#' onClick='toggleBox("stack-trace11887427", this, "Click to show all stack frames", "Click to hide stack frames")'>Click to show all stack frames</a>
<div class='stack-trace' id='stack-trace11887427'><pre>java.lang.NullPointerException: 元素获取异常,值为空!
	at systemPublic.utilities.YamlParser.getDynamicElement(YamlParser.java:99)
	at chenjian.tests.AddNews2.addOne2(AddNews2.java:80)
	at sun.reflect.NativeMethodAccessorImpl.invoke0(Native Method)
	at sun.reflect.NativeMethodAccessorImpl.invoke(NativeMethodAccessorImpl.java:57)
	at sun.reflect.DelegatingMethodAccessorImpl.invoke(DelegatingMethodAccessorImpl.java:43)
	at java.lang.reflect.Method.invoke(Method.java:601)
	at org.testng.internal.MethodHelper.invokeMethod(MethodHelper.java:643)
	at org.testng.internal.Invoker.invokeMethod(Invoker.java:559)
	at org.testng.internal.Invoker.invokeTestMethod(Invoker.java:723)
	at org.testng.internal.Invoker.invokeTestMethods(Invoker.java:1027)
	at org.testng.internal.TestMethodWorker.invokeTestMethods(TestMethodWorker.java:137)
	at org.testng.internal.TestMethodWorker.run(TestMethodWorker.java:121)
	at org.testng.TestRunner.runWorkers(TestRunner.java:1030)
	at org.testng.TestRunner.privateRun(TestRunner.java:709)
	at org.testng.TestRunner.run(TestRunner.java:579)
	at org.testng.SuiteRunner.runTest(SuiteRunner.java:331)
	at org.testng.SuiteRunner.runSequentially(SuiteRunner.java:326)
	at org.testng.SuiteRunner.privateRun(SuiteRunner.java:288)
	at org.testng.SuiteRunner.run(SuiteRunner.java:193)
	at org.testng.TestNG.createAndRunSuiteRunners(TestNG.java:910)
	at org.testng.TestNG.runSuitesLocally(TestNG.java:879)
	at org.testng.TestNG.run(TestNG.java:787)
	at org.apache.maven.surefire.testng.TestNGExecutor.run(TestNGExecutor.java:74)
	at org.apache.maven.surefire.testng.TestNGXmlTestSuite.execute(TestNGXmlTestSuite.java:93)
	at org.apache.maven.surefire.testng.TestNGProvider.invoke(TestNGProvider.java:101)
	at sun.reflect.NativeMethodAccessorImpl.invoke0(Native Method)
	at sun.reflect.NativeMethodAccessorImpl.invoke(NativeMethodAccessorImpl.java:57)
	at sun.reflect.DelegatingMethodAccessorImpl.invoke(DelegatingMethodAccessorImpl.java:43)
	at java.lang.reflect.Method.invoke(Method.java:601)
	at org.apache.maven.surefire.booter.ProviderFactory$ClassLoaderProxy.invoke(ProviderFactory.java:103)
	at $Proxy0.invoke(Unknown Source)
	at org.apache.maven.surefire.booter.SurefireStarter.invokeProvider(SurefireStarter.java:145)
	at org.apache.maven.surefire.booter.SurefireStarter.runSuitesInProcess(SurefireStarter.java:87)
	at org.apache.maven.surefire.booter.ForkedBooter.main(ForkedBooter.java:69)
</pre></div></td>
</tr>
</table><p>
</body>
</html>